Reading netlist file: "C:\Users\stanr\Documents\TangNano\SR-1_SoC\impl\gwsynthesis\SR-1_SoC.vg"
Parsing netlist file "C:\Users\stanr\Documents\TangNano\SR-1_SoC\impl\gwsynthesis\SR-1_SoC.vg" completed
Processing netlist completed
Reading constraint file: "C:\Users\stanr\Documents\TangNano\SR-1_SoC\src\SR-1_SoC.cst"
Physical Constraint parsed completed
Running placement......
[10%] Placement Phase 0 completed
[20%] Placement Phase 1 completed
[30%] Placement Phase 2 completed
WARN  (TA1132) :  'clk_in' was determined to be a clock but was not created.
WARN  (TA1132) :  'clk' was determined to be a clock but was not created.
[50%] Placement Phase 3 completed
Running routing......
[60%] Routing Phase 0 completed
[70%] Routing Phase 1 completed
[80%] Routing Phase 2 completed
[90%] Routing Phase 3 completed
Running timing analysis......
[95%] Timing analysis completed
Placement and routing completed
Bitstream generation in progress......
Bitstream generation completed
Running power analysis......
[100%] Power analysis completed
Generate file "C:\Users\stanr\Documents\TangNano\SR-1_SoC\impl\pnr\SR-1_SoC.power.html" completed
Generate file "C:\Users\stanr\Documents\TangNano\SR-1_SoC\impl\pnr\SR-1_SoC.pin.html" completed
Generate file "C:\Users\stanr\Documents\TangNano\SR-1_SoC\impl\pnr\SR-1_SoC.rpt.html" completed
Generate file "C:\Users\stanr\Documents\TangNano\SR-1_SoC\impl\pnr\SR-1_SoC.rpt.txt" completed
Generate file "C:\Users\stanr\Documents\TangNano\SR-1_SoC\impl\pnr\SR-1_SoC.tr.html" completed
Thu Apr  3 11:32:34 2025

